<?xml version="1.0" encoding="UTF-8"?>
<!-- Generated by org.testng.reporters.JUnitReportReporter -->
<testsuite hostname="LAPTOP-PV19BLO4" failures="0" tests="4" name="com.crm.VE3Tasks.Login_Script$UsingDataProviderWithDDT" time="60.993" errors="0" timestamp="2025-04-19T19:40:31 IST" skipped="0">
  <testcase classname="com.crm.VE3Tasks.Login_Script$UsingDataProviderWithDDT" name="reciever" time="14.597">
    <system-out>
      <![CDATA[i am an reciever for Login
home page is displayed]]>
    </system-out>
  </testcase> <!-- reciever -->
  <testcase classname="com.crm.VE3Tasks.Login_Script$UsingDataProviderWithDDT" name="reciever" time="14.317">
    <system-out>
      <![CDATA[i am an reciever for Login
home page is displayed]]>
    </system-out>
  </testcase> <!-- reciever -->
  <testcase classname="com.crm.VE3Tasks.Login_Script$UsingDataProviderWithDDT" name="reciever" time="17.852">
    <system-out>
      <![CDATA[i am an reciever for Login
home page is displayed]]>
    </system-out>
  </testcase> <!-- reciever -->
  <testcase classname="com.crm.VE3Tasks.Login_Script$UsingDataProviderWithDDT" name="reciever" time="14.227">
    <system-out>
      <![CDATA[i am an reciever for Login
home page is displayed]]>
    </system-out>
  </testcase> <!-- reciever -->
  <system-out>
    <![CDATA[iam an Login dataProvider
i am an reciever for Login
home page is displayed
i am an reciever for Login
home page is displayed
i am an reciever for Login
home page is displayed
i am an reciever for Login
home page is displayed]]>
  </system-out>
</testsuite> <!-- com.crm.VE3Tasks.Login_Script$UsingDataProviderWithDDT -->
