<?xml version="1.0" encoding="UTF-8"?>
<!-- Generated by org.testng.reporters.JUnitReportReporter -->
<testsuite hostname="LAPTOP-PV19BLO4" failures="0" tests="4" name="com.crm.VE3Tasks.Login" time="132.807" errors="0" timestamp="2025-04-21T12:51:48 IST" skipped="0">
  <testcase classname="com.crm.VE3Tasks.Login" name="reciever" time="23.884">
    <system-out>
      <![CDATA[i am an reciever for Login
home page is displayed]]>
    </system-out>
  </testcase> <!-- reciever -->
  <testcase classname="com.crm.VE3Tasks.Login" name="reciever" time="14.793">
    <system-out>
      <![CDATA[i am an reciever for Login
home page is displayed]]>
    </system-out>
  </testcase> <!-- reciever -->
  <testcase classname="com.crm.VE3Tasks.Login" name="reciever" time="13.937">
    <system-out>
      <![CDATA[i am an reciever for Login
home page is displayed]]>
    </system-out>
  </testcase> <!-- reciever -->
  <testcase classname="com.crm.VE3Tasks.Login" name="reciever" time="80.193">
    <system-out>
      <![CDATA[i am an reciever for Login
home page is displayed]]>
    </system-out>
  </testcase> <!-- reciever -->
  <system-out>
    <![CDATA[iam an Login dataProvider
i am an reciever for Login
home page is displayed
i am an reciever for Login
home page is displayed
i am an reciever for Login
home page is displayed
i am an reciever for Login
home page is displayed]]>
  </system-out>
</testsuite> <!-- com.crm.VE3Tasks.Login -->
