<?xml version="1.0" encoding="UTF-8"?>
<!-- Generated by org.testng.reporters.JUnitReportReporter -->
<testsuite hostname="LAPTOP-PV19BLO4" failures="0" tests="1" name="com.crm.VE3Tasks.Product_Filtering" time="11.000" errors="0" timestamp="2025-04-21T12:57:54 IST" skipped="0">
  <testcase classname="com.crm.VE3Tasks.Product_Filtering" name="sort" time="11.000"/>
</testsuite> <!-- com.crm.VE3Tasks.Product_Filtering -->
