<?xml version="1.0" encoding="UTF-8"?>
<!-- Generated by org.testng.reporters.JUnitReportReporter -->
<testsuite hostname="LAPTOP-PV19BLO4" failures="0" tests="4" name="com.crm.VE3Tasks.Login$UsingDataProviderWithDDT" time="92.761" errors="0" timestamp="2025-04-21T12:20:51 IST" skipped="0">
  <testcase classname="com.crm.VE3Tasks.Login$UsingDataProviderWithDDT" name="reciever" time="20.623">
    <system-out>
      <![CDATA[i am an reciever for Login
home page is displayed]]>
    </system-out>
  </testcase> <!-- reciever -->
  <testcase classname="com.crm.VE3Tasks.Login$UsingDataProviderWithDDT" name="reciever" time="36.792">
    <system-out>
      <![CDATA[i am an reciever for Login
home page is displayed]]>
    </system-out>
  </testcase> <!-- reciever -->
  <testcase classname="com.crm.VE3Tasks.Login$UsingDataProviderWithDDT" name="reciever" time="15.569">
    <system-out>
      <![CDATA[i am an reciever for Login
home page is displayed]]>
    </system-out>
  </testcase> <!-- reciever -->
  <testcase classname="com.crm.VE3Tasks.Login$UsingDataProviderWithDDT" name="reciever" time="19.777">
    <system-out>
      <![CDATA[i am an reciever for Login
home page is displayed]]>
    </system-out>
  </testcase> <!-- reciever -->
  <system-out>
    <![CDATA[iam an Login dataProvider
i am an reciever for Login
home page is displayed
i am an reciever for Login
home page is displayed
i am an reciever for Login
home page is displayed
i am an reciever for Login
home page is displayed]]>
  </system-out>
</testsuite> <!-- com.crm.VE3Tasks.Login$UsingDataProviderWithDDT -->
