<?xml version="1.0" encoding="UTF-8"?>
<!-- Generated by org.testng.reporters.JUnitReportReporter -->
<testsuite hostname="LAPTOP-PV19BLO4" failures="0" tests="1" name="com.crm.VE3Tasks.Cart_Operations" time="50.777" errors="0" timestamp="2025-04-21T13:05:29 IST" skipped="0">
  <testcase classname="com.crm.VE3Tasks.Cart_Operations" name="Add_Product" time="50.777"/>
</testsuite> <!-- com.crm.VE3Tasks.Cart_Operations -->
